0 info it worked if it ends with ok
1 verbose cli [ 'node', '/usr/local/bin/npm', 'start' ]
2 info using npm@1.4.28
3 info using node@v0.10.35
4 verbose run-script [ 'prestart', 'start', 'poststart' ]
5 info prestart att.webrtc.dhs@1.0.0-beta
6 info start att.webrtc.dhs@1.0.0-beta
7 verbose unsafe-perm in lifecycle true
8 info att.webrtc.dhs@1.0.0-beta Failed to exec start script
9 error att.webrtc.dhs@1.0.0-beta start: `node att-webrtc-dhs.js sandbox`
9 error Exit status 8
10 error Failed at the att.webrtc.dhs@1.0.0-beta start script.
10 error This is most likely a problem with the att.webrtc.dhs package,
10 error not with npm itself.
10 error Tell the author that this fails on your system:
10 error     node att-webrtc-dhs.js sandbox
10 error You can get their info via:
10 error     npm owner ls att.webrtc.dhs
10 error There is likely additional logging output above.
11 error System Darwin 14.1.0
12 error command "node" "/usr/local/bin/npm" "start"
13 error cwd /Users/robmao/work/ATTHack2015/PetAlone/WebRTC/node-dhs
14 error node -v v0.10.35
15 error npm -v 1.4.28
16 error code ELIFECYCLE
17 verbose exit [ 1, true ]
